wear/build/intermediates/aapt_proguard_file/debug/aapt_rules.txt
# Referenced at merged_manifests/debug/AndroidManifest.xml:38
-keep class androidx.core.app.CoreComponentFactory { <init>(); }
# Referenced at merged_manifests/debug/AndroidManifest.xml:120
-keep class com.google.android.gms.common.api.GoogleApiActivity { <init>(); }
# Referenced at merged_manifests/debug/AndroidManifest.xml:55
-keep class no.nordicsemi.android.nrftoolbox.ScannerActivity { <init>(); }
# Referenced at merged_manifests/debug/AndroidManifest.xml:66
-keep class no.nordicsemi.android.nrftoolbox.ble.BleProfileService { <init>(); }
# Referenced at merged_manifests/debug/AndroidManifest.xml:71
-keep class no.nordicsemi.android.nrftoolbox.uart.UARTCommandsActivity { <init>(); }
# Referenced at merged_manifests/debug/AndroidManifest.xml:68
-keep class no.nordicsemi.android.nrftoolbox.uart.UARTConfigurationsActivity { <init>(); }
# Referenced at merged_manifests/debug/AndroidManifest.xml:76
-keep class no.nordicsemi.android.nrftoolbox.wearable.ActionReceiver { <init>(); }
# Referenced at merged_manifests/debug/AndroidManifest.xml:83
-keep class no.nordicsemi.android.nrftoolbox.wearable.MainWearableListenerService { <init>(); }
# Referenced at merged_manifests/debug/AndroidManifest.xml:112
-keep class no.nordicsemi.android.support.v18.scanner.PendingIntentReceiver { <init>(); }
# Referenced at merged_manifests/debug/AndroidManifest.xml:103
-keep class no.nordicsemi.android.support.v18.scanner.ScannerService { <init>(); }
# Referenced at res/layout-v21/dismiss_overlay.xml:14
-keep class android.support.wearable.view.ActionPage { <init>(...); }

# Referenced at res/layout/activity_list.xml:24
# Referenced at res/layout/activity_list_with_header.xml:24
-keep class android.support.wearable.view.BoxInsetLayout { <init>(...); }

# Referenced at res/layout/configuration_item.xml:31
# Referenced at res/layout/device_item.xml:29
# Referenced at res/layout/single_page_nav_drawer_1_item.xml:8
# Referenced at res/layout/single_page_nav_drawer_2_item.xml:9
# Referenced at res/layout/single_page_nav_drawer_3_item.xml:9
# Referenced at res/layout/single_page_nav_drawer_4_item.xml:9
# Referenced at res/layout/single_page_nav_drawer_5_item.xml:9
# Referenced at res/layout/single_page_nav_drawer_6_item.xml:9
# Referenced at res/layout/single_page_nav_drawer_7_item.xml:9
-keep class android.support.wearable.view.CircledImageView { <init>(...); }

# Referenced at res/layout/action_item.xml:29
-keep class android.support.wearable.view.CircularButton { <init>(...); }

# Referenced at res/layout/activity_grid_pager.xml:35
-keep class android.support.wearable.view.DotsPageIndicator { <init>(...); }

# Referenced at res/layout/activity_grid_pager.xml:29
-keep class android.support.wearable.view.GridViewPager { <init>(...); }

# Referenced at res/layout/alert_dialog_wearable.xml:2
-keep class android.support.wearable.view.ObservableScrollView { <init>(...); }

# Referenced at res/layout/activity_list.xml:35
# Referenced at res/layout/activity_list_with_header.xml:35
-keep class android.support.wearable.view.WearableListView { <init>(...); }

# Referenced at res/layout/navigation_drawer_view.xml:12
-keep class android.support.wearable.view.drawer.PageIndicatorView { <init>(...); }

# Referenced at res/layout/decomposition_config_activity.xml:6
-keep class android.support.wearable.watchface.decompositionface.DecompositionConfigView { <init>(...); }

# Referenced at res/layout/single_page_nav_drawer_1_item.xml:2
# Referenced at res/layout/single_page_nav_drawer_2_item.xml:2
# Referenced at res/layout/single_page_nav_drawer_3_item.xml:2
# Referenced at res/layout/single_page_nav_drawer_4_item.xml:2
# Referenced at res/layout/single_page_nav_drawer_5_item.xml:2
# Referenced at res/layout/single_page_nav_drawer_6_item.xml:2
# Referenced at res/layout/single_page_nav_drawer_7_item.xml:2
-keep class androidx.percentlayout.widget.PercentRelativeLayout { <init>(...); }

# Referenced at res/layout/navigation_drawer_view.xml:8
-keep class androidx.viewpager.widget.ViewPager { <init>(...); }

# Referenced at res/layout/device_item.xml:24
-keep class no.nordicsemi.android.nrftoolbox.DeviceItemLayout { <init>(...); }

# Referenced at res/layout/configuration_item.xml:24
-keep class no.nordicsemi.android.nrftoolbox.uart.UARTConfigurationItemLayout { <init>(...); }