wear/build/outputs/mapping/debug/seeds.txt
no.nordicsemi.android.nrftoolbox.uart.domain.Command$Icon: no.nordicsemi.android.nrftoolbox.uart.domain.Command$Icon[] values()
no.nordicsemi.android.nrftoolbox.wearable.MainWearableListenerService
no.nordicsemi.android.nrftoolbox.ScannerActivity
no.nordicsemi.android.nrftoolbox.uart.domain.Command$Eol: no.nordicsemi.android.nrftoolbox.uart.domain.Command$Eol[] values()
no.nordicsemi.android.nrftoolbox.ScannerActivity: ScannerActivity()
no.nordicsemi.android.nrftoolbox.ble.BleProfileService: BleProfileService()
no.nordicsemi.android.nrftoolbox.uart.UARTConfigurationItemLayout: UARTConfigurationItemLayout(android.content.Context)
no.nordicsemi.android.nrftoolbox.DeviceItemLayout: DeviceItemLayout(android.content.Context)
no.nordicsemi.android.nrftoolbox.uart.UARTCommandsActivity: UARTCommandsActivity()
no.nordicsemi.android.nrftoolbox.uart.domain.UartConfiguration: android.os.Parcelable$Creator CREATOR
no.nordicsemi.android.nrftoolbox.DeviceItemLayout
no.nordicsemi.android.nrftoolbox.uart.UARTConfigurationsActivity: UARTConfigurationsActivity()
no.nordicsemi.android.nrftoolbox.ble.BleProfileApi$Request$Type: no.nordicsemi.android.nrftoolbox.ble.BleProfileApi$Request$Type valueOf(java.lang.String)
no.nordicsemi.android.nrftoolbox.wearable.ActionReceiver: ActionReceiver()
no.nordicsemi.android.nrftoolbox.ble.BleProfileApi$Request$Type: no.nordicsemi.android.nrftoolbox.ble.BleProfileApi$Request$Type[] values()
no.nordicsemi.android.nrftoolbox.uart.UARTConfigurationItemLayout: UARTConfigurationItemLayout(android.content.Context,android.util.AttributeSet)
no.nordicsemi.android.nrftoolbox.uart.domain.Command$Icon: no.nordicsemi.android.nrftoolbox.uart.domain.Command$Icon valueOf(java.lang.String)
no.nordicsemi.android.nrftoolbox.uart.domain.Command$Eol: no.nordicsemi.android.nrftoolbox.uart.domain.Command$Eol valueOf(java.lang.String)
no.nordicsemi.android.nrftoolbox.uart.UARTConfigurationItemLayout
no.nordicsemi.android.nrftoolbox.uart.UARTCommandsActivity
no.nordicsemi.android.nrftoolbox.DeviceItemLayout: DeviceItemLayout(android.content.Context,android.util.AttributeSet,int)
no.nordicsemi.android.nrftoolbox.uart.UARTConfigurationItemLayout: UARTConfigurationItemLayout(android.content.Context,android.util.AttributeSet,int)
no.nordicsemi.android.nrftoolbox.wearable.MainWearableListenerService: MainWearableListenerService()
no.nordicsemi.android.nrftoolbox.uart.UARTConfigurationsActivity
no.nordicsemi.android.nrftoolbox.DeviceItemLayout: DeviceItemLayout(android.content.Context,android.util.AttributeSet)
no.nordicsemi.android.nrftoolbox.wearable.ActionReceiver
no.nordicsemi.android.nrftoolbox.ble.BleProfileService
no.nordicsemi.android.nrftoolbox.uart.domain.Command: android.os.Parcelable$Creator CREATOR
...
android.support.wearable.R$dimen: int diag_shade_height_rect
androidx.recyclerview.widget.RecyclerView: androidx.recyclerview.widget.RecyclerView$RecycledViewPool getRecycledViewPool()
android.support.wearable.R$styleable: int ComplicationDrawable_borderDashGap
android.support.wearable.R$styleable: int CircularButton_android_stateListAnimator
android.support.wearable.view.ActionLabel: void setTextColor(int)
androidx.percentlayout.R$styleable: int GradientColor_android_startX
android.support.wearable.R$styleable: int WearableDialogPreference_neutralButtonText
androidx.viewpager.widget.ViewPager: void setOffscreenPageLimit(int)
android.support.wearable.view.WearableListView: void setScrollVertically(int)
com.google.android.gms.wearable.internal.zzci: android.os.Parcelable$Creator CREATOR
androidx.recyclerview.widget.RecyclerView: androidx.recyclerview.widget.RecyclerView$EdgeEffectFactory getEdgeEffectFactory()
android.support.wearable.R$style: int SinglePageNavDrawerIconStyle
com.google.android.gms.R$drawable: int common_full_open_on_phone
androidx.recyclerview.R$dimen: int notification_large_icon_height
com.google.android.gms.dynamite.DynamiteModule$DynamiteLoaderClassLoader
androidx.percentlayout.R$styleable: int GradientColor_android_centerX
android.support.wearable.R$styleable: int RecyclerView_android_clipToPadding
android.support.wearable.R$color: int notification_material_background_media_default_color
android.support.v4.media.RatingCompat: android.os.Parcelable$Creator CREATOR
android.support.v4.media.session.ParcelableVolumeInfo: android.os.Parcelable$Creator CREATOR
android.support.wearable.complications.rendering.ComplicationDrawable: android.support.wearable.complications.rendering.ComplicationStyle getAmbientStyle()
android.support.wearable.complications.rendering.ComplicationDrawable: void setIconColorActive(int)
android.support.wearable.R$color: int dark_red
com.google.android.gms.wearable.internal.zze: android.os.Parcelable$Creator CREATOR
android.support.wearable.R$style: int SinglePageNavDrawerTextStyle
android.support.wearable.R$string: int buttons_round_bottom_right_lower
androidx.core.app.RemoteActionCompatParcelizer: RemoteActionCompatParcelizer()
android.support.wearable.view.CircledImageView: float getCircleRadiusPressed()
android.support.wearable.R$styleable: int FontFamilyFont_font
android.support.wearable.R$styleable: int PageIndicatorView_pageIndicatorDotColorSelected
androidx.customview.view.AbsSavedState: android.os.Parcelable$Creator CREATOR
com.google.android.gms.R$drawable: int googleg_standard_color_18
androidx.recyclerview.widget.RecyclerView: RecyclerView(android.content.Context,android.util.AttributeSet)
android.support.wearable.R$dimen: int config_margin
androidx.percentlayout.R$styleable: int[] ColorStateListItem
android.support.wearable.view.DotsPageIndicator: float getDotRadius()
android.support.wearable.R$styleable: int ActionLabel_android_lineSpacingMultiplier
android.support.wearable.view.WearableListView: int getTopViewMaxTop()
android.support.wearable.view.CardScrollView: int getCardGravity()
android.support.wearable.R$color: int circular_button_pressed
android.support.wearable.complications.rendering.ComplicationDrawable: <clinit>()
com.google.android.gms.R$string: int common_signin_button_text
android.support.wearable.R$style: int TextAppearance_WearDiag_Button
androidx.percentlayout.R$styleable: int FontFamily_fontProviderFetchStrategy
android.support.wearable.R$styleable: int PercentLayout_Layout_layout_marginEndPercent
android.support.wearable.complications.rendering.ComplicationDrawable: boolean mIsHighlighted
androidx.recyclerview.R$dimen: int item_touch_helper_swipe_escape_max_velocity
android.support.wearable.view.WearableListView: int getAdjustedHeight()
androidx.media.AudioAttributesImplBaseParcelizer: AudioAttributesImplBaseParcelizer()
androidx.viewpager.widget.ViewPager: int getCurrentItem()
androidx.recyclerview.R$attr: int fontWeight