wear/build/outputs/mapping/debug/mapping.txt
# compiler: R8
# compiler_version: 1.6.82
# min_api: 23
# pg_map_id: c9787be
# common_typos_disable
no.nordicsemi.android.nrftoolbox.-$$Lambda$C3sWBLGWfCpcO_nRq4snTQsKX-I -> no.nordicsemi.android.nrftoolbox.a:
    no.nordicsemi.android.nrftoolbox.DevicesAdapter f$0 -> a
no.nordicsemi.android.nrftoolbox.DeviceItemLayout -> no.nordicsemi.android.nrftoolbox.DeviceItemLayout:
    android.animation.ObjectAnimator fadeOutLabelAnimator -> g
    android.animation.ObjectAnimator shrinkCircleAnimator -> f
    android.animation.AnimatorSet shrinkAnimator -> h
    android.support.wearable.view.CircledImageView icon -> j
    android.animation.ObjectAnimator fadeInLabelAnimator -> d
    android.animation.ObjectAnimator expandCircleAnimator -> c
    android.animation.AnimatorSet expandAnimator -> e
    float shrinkCircleRadius -> b
    android.widget.TextView name -> i
    float expandCircleRadius -> a
    59:60:void <init>(android.content.Context) -> <init>
    63:64:void <init>(android.content.Context,android.util.AttributeSet) -> <init>
    67:68:void <init>(android.content.Context,android.util.AttributeSet,int) -> <init>
    92:104:void onCenterPosition(boolean) -> a
    108:120:void onNonCenterPosition(boolean) -> b
    72:88:void onFinishInflate() -> onFinishInflate
no.nordicsemi.android.nrftoolbox.DevicesAdapter -> no.nordicsemi.android.nrftoolbox.b:
    boolean scanning -> n
    java.lang.String connectingText -> i
    no.nordicsemi.android.support.v18.scanner.ScanCallback scanCallback -> p
    android.view.LayoutInflater inflater -> e
    java.lang.String notAvailable -> h
    int connectingPosition -> m
    java.lang.String bondedText -> k
    java.lang.String availableText -> j
    java.lang.String bondingText -> l
    android.support.wearable.view.WearableListView listView -> g
    android.os.Handler handler -> f
    java.util.List devices -> d
    java.lang.Runnable stopScanTask -> o
    65:79:void <init>(android.support.wearable.view.WearableListView) -> <init>
    46:46:java.util.List access$400(no.nordicsemi.android.nrftoolbox.DevicesAdapter) -> a
    89:104:void onBindViewHolder(android.support.wearable.view.WearableListView$ViewHolder,int) -> a
    160:166:java.lang.String getState(android.bluetooth.BluetoothDevice,int) -> a
    46:46:android.support.wearable.view.WearableListView access$500(no.nordicsemi.android.nrftoolbox.DevicesAdapter) -> b
    46:46:void onBindViewHolder(androidx.recyclerview.widget.RecyclerView$ViewHolder,int) -> b
    46:46:androidx.recyclerview.widget.RecyclerView$ViewHolder onCreateViewHolder(android.view.ViewGroup,int) -> b
    84:84:android.support.wearable.view.WearableListView$ViewHolder onCreateViewHolder(android.view.ViewGroup,int) -> b
    108:108:int getItemCount() -> b
no.nordicsemi.android.nrftoolbox.DevicesAdapter$1 -> no.nordicsemi.android.nrftoolbox.b$a:
    no.nordicsemi.android.nrftoolbox.DevicesAdapter this$0 -> a
    171:171:void <init>(no.nordicsemi.android.nrftoolbox.DevicesAdapter) -> <init>
    175:175:void onScanResult(int,no.nordicsemi.android.support.v18.scanner.ScanResult) -> a
    179:190:void onBatchScanResults(java.util.List) -> a
    195:195:void onScanFailed(int) -> a
...
com.google.android.gms.internal.zzaag -> c.a.a.a.e.h:
    com.google.android.gms.internal.zzaah zzaAv -> c
    com.google.android.gms.common.api.Api zzaxf -> a
    boolean zzaAu -> b
    void onConnected(android.os.Bundle) -> a
    void onConnectionFailed(com.google.android.gms.common.ConnectionResult) -> a
    void onConnectionSuspended(int) -> a
    void zza(com.google.android.gms.internal.zzaah) -> a
    void zzvL() -> a
com.google.android.gms.internal.zzaah -> c.a.a.a.e.i:
    void zza(com.google.android.gms.common.ConnectionResult,com.google.android.gms.common.api.Api,boolean) -> a
com.google.android.gms.internal.zzaai -> c.a.a.a.e.k:
    android.content.Context mContext -> a
    int zzaAH -> m
    boolean zzaAF -> k
    java.util.concurrent.locks.Lock zzaAG -> l
    com.google.android.gms.common.api.Api$zze zzaAB -> g
    android.os.Bundle zzaAC -> h
    com.google.android.gms.internal.zzaav zzaAx -> c
    com.google.android.gms.internal.zzaat zzaAw -> b
    com.google.android.gms.internal.zzaav zzaAy -> d
    java.util.Set zzaAA -> f
    com.google.android.gms.common.ConnectionResult zzaAD -> i
    com.google.android.gms.common.ConnectionResult zzaAE -> j
    java.util.Map zzaAz -> e
    void dump(java.lang.String,java.io.FileDescriptor,java.io.PrintWriter,java.lang.String[]) -> a
    boolean isConnected() -> a
    com.google.android.gms.common.ConnectionResult zza(com.google.android.gms.internal.zzaai,com.google.android.gms.common.ConnectionResult) -> a
    com.google.android.gms.internal.zzaai zza(android.content.Context,com.google.android.gms.internal.zzaat,java.util.concurrent.locks.Lock,android.os.Looper,com.google.android.gms.common.zze,java.util.Map,com.google.android.gms.common.internal.zzg,java.util.Map,com.google.android.gms.common.api.Api$zza,java.util.ArrayList) -> a
    java.util.concurrent.locks.Lock zza(com.google.android.gms.internal.zzaai) -> a
    void zza(com.google.android.gms.common.ConnectionResult) -> a
    void zza(com.google.android.gms.internal.zzaai,int,boolean) -> a
com.google.android.gms.internal.zzaai$1 -> c.a.a.a.e.j:
com.google.android.gms.internal.zzaai$zza -> c.a.a.a.e.k$a:
    com.google.android.gms.internal.zzaai zzaAI -> a
    void zzc(int,boolean) -> a
    void zzc(com.google.android.gms.common.ConnectionResult) -> a
    void zzo(android.os.Bundle) -> a
com.google.android.gms.internal.zzaai$zzb -> c.a.a.a.e.k$b:
    com.google.android.gms.internal.zzaai zzaAI -> a
    void zzc(int,boolean) -> a
    void zzc(com.google.android.gms.common.ConnectionResult) -> a
    void zzo(android.os.Bundle) -> a
com.google.android.gms.internal.zzaaj -> c.a.a.a.e.l:
    com.google.android.gms.common.api.Api$zza zzazo -> l
    com.google.android.gms.common.internal.zzg zzaAL -> k
    com.google.android.gms.common.api.Api$zze zzaAJ -> i
    com.google.android.gms.internal.zzaag zzaAK -> j
    com.google.android.gms.common.api.Api$zze buildApiClient(android.os.Looper,com.google.android.gms.internal.zzaax$zza) -> a
    com.google.android.gms.internal.zzabr createSignInCoordinator(android.content.Context,android.os.Handler) -> a
    com.google.android.gms.common.api.Api$zze zzvU() -> e