wear/build/outputs/mapping/debug/usage.txt
no.nordicsemi.android.nrftoolbox.wearable.common.Constants
no.nordicsemi.android.nrftoolbox.R$color
no.nordicsemi.android.nrftoolbox.ble.BleManager$BleManagerGattCallback:
    public void onConnectionUpdated(android.bluetooth.BluetoothGatt,int,int,int,int)
    private static final java.lang.String ERROR_CONNECTION_STATE_CHANGE
    private static final java.lang.String ERROR_DISCOVERY_SERVICE
    private static final java.lang.String ERROR_AUTH_ERROR_WHILE_BONDED
    private static final java.lang.String ERROR_READ_CHARACTERISTIC
    private static final java.lang.String ERROR_WRITE_CHARACTERISTIC
    private static final java.lang.String ERROR_READ_DESCRIPTOR
    private static final java.lang.String ERROR_WRITE_DESCRIPTOR
    private static final java.lang.String ERROR_MTU_REQUEST
    private static final java.lang.String ERROR_CONNECTION_PRIORITY_REQUEST
no.nordicsemi.android.nrftoolbox.uart.UARTProfile:
    static final java.lang.String BROADCAST_DATA_RECEIVED
    public static final java.lang.String EXTRA_DATA
    private static final int MAX_PACKET_SIZE
no.nordicsemi.android.nrftoolbox.uart.UARTConfigurationItemLayout:
    private static final int ANIMATION_DURATION_MS
    private static final float SHRINK_CIRCLE_RATIO
    private static final float SHRINK_LABEL_ALPHA
    private static final float EXPAND_LABEL_ALPHA
no.nordicsemi.android.nrftoolbox.R$styleable
no.nordicsemi.android.nrftoolbox.R$interpolator
no.nordicsemi.android.nrftoolbox.R$array
no.nordicsemi.android.nrftoolbox.utility.DebugLogger:
    public void <init>()
    public static void v(java.lang.String,java.lang.String)
    public static void d(java.lang.String,java.lang.String)
    public static void e(java.lang.String,java.lang.String,java.lang.Throwable)
    public static void wtf(java.lang.String,java.lang.String)
    public static void wtf(java.lang.String,java.lang.String,java.lang.Throwable)
no.nordicsemi.android.nrftoolbox.ble.BleProfileApi$Request:
    private void <init>(no.nordicsemi.android.nrftoolbox.ble.BleProfileApi$Request$Type,int)
    private void <init>(no.nordicsemi.android.nrftoolbox.ble.BleProfileApi$Request$Type,android.bluetooth.BluetoothGattCharacteristic)
    private void <init>(no.nordicsemi.android.nrftoolbox.ble.BleProfileApi$Request$Type,android.bluetooth.BluetoothGattDescriptor)
    private void <init>(no.nordicsemi.android.nrftoolbox.ble.BleProfileApi$Request$Type,android.bluetooth.BluetoothGattDescriptor,byte[],int,int)
    public static no.nordicsemi.android.nrftoolbox.ble.BleProfileApi$Request createBond()
    public static no.nordicsemi.android.nrftoolbox.ble.BleProfileApi$Request newReadRequest(android.bluetooth.BluetoothGattCharacteristic)
    public static no.nordicsemi.android.nrftoolbox.ble.BleProfileApi$Request newWriteRequest(android.bluetooth.BluetoothGattCharacteristic,byte[])
    public static no.nordicsemi.android.nrftoolbox.ble.BleProfileApi$Request newWriteRequest(android.bluetooth.BluetoothGattCharacteristic,byte[],int)
    public static no.nordicsemi.android.nrftoolbox.ble.BleProfileApi$Request newWriteRequest(android.bluetooth.BluetoothGattCharacteristic,byte[],int,int,int)
    public static no.nordicsemi.android.nrftoolbox.ble.BleProfileApi$Request newReadRequest(android.bluetooth.BluetoothGattDescriptor)
no.nordicsemi.android.nrftoolbox.R$plurals
no.nordicsemi.android.nrftoolbox.ble.BleProfileProvider:
    public void <init>()
no.nordicsemi.android.nrftoolbox.wearable.common.Constants$UART$Configuration$Command
no.nordicsemi.android.nrftoolbox.common.BuildConfig:
    public void <init>()
    public static final java.lang.String LIBRARY_PACKAGE_NAME
    public static final java.lang.String APPLICATION_ID
    public static final java.lang.String BUILD_TYPE
    public static final java.lang.String FLAVOR
    public static final int VERSION_CODE
    public static final java.lang.String VERSION_NAME
no.nordicsemi.android.nrftoolbox.R$bool
...
com.google.android.gms.wearable.internal.zzao:
    public boolean isDataValid()
    public com.google.android.gms.wearable.internal.zzao zzR(byte[])
    public synthetic com.google.android.gms.wearable.DataItem setData(byte[])
androidx.viewpager.widget.PagerAdapter:
    public void <init>()
    public void startUpdate(android.view.View)
    public java.lang.Object instantiateItem(android.view.View,int)
    public void destroyItem(android.view.View,int,java.lang.Object)
    public void setPrimaryItem(android.view.View,int,java.lang.Object)
    public void finishUpdate(android.view.View)
    public void notifyDataSetChanged()
    public void registerDataSetObserver(android.database.DataSetObserver)
    public void unregisterDataSetObserver(android.database.DataSetObserver)
    public java.lang.CharSequence getPageTitle(int)
    private final android.database.DataSetObservable mObservable
    private android.database.DataSetObserver mViewPagerObserver
    public static final int POSITION_UNCHANGED
    public static final int POSITION_NONE
android.support.v4.media.MediaBrowserCompat$MediaBrowserImplApi21$7
androidx.core.view.ViewCompat$5:
    void frameworkSet(android.view.View,java.lang.Boolean)
    boolean shouldUpdate(java.lang.Boolean,java.lang.Boolean)
    synthetic bridge void frameworkSet(android.view.View,java.lang.Object)
    synthetic bridge boolean shouldUpdate(java.lang.Object,java.lang.Object)
com.google.android.gms.internal.zzd
androidx.core.text.ICUCompat
androidx.core.os.ParcelableCompatCreatorCallbacks
com.google.android.gms.common.util.zze:
    public abstract long elapsedRealtime()
    public abstract long nanoTime()
androidx.core.provider.FontsContractCompat$1
androidx.core.util.Pair
android.support.v4.media.session.MediaControllerCompat$MediaControllerImplApi21:
    public void <init>(android.content.Context,android.support.v4.media.session.MediaSessionCompat$Token)
    private void requestExtraBinder()
    public final void registerCallback(android.support.v4.media.session.MediaControllerCompat$Callback,android.os.Handler)
    public final void unregisterCallback(android.support.v4.media.session.MediaControllerCompat$Callback)
    public boolean dispatchMediaButtonEvent(android.view.KeyEvent)
    public android.support.v4.media.session.MediaControllerCompat$TransportControls getTransportControls()
    public android.support.v4.media.session.PlaybackStateCompat getPlaybackState()
    public android.support.v4.media.MediaMetadataCompat getMetadata()
    public java.util.List getQueue()
    public void addQueueItem(android.support.v4.media.MediaDescriptionCompat)
    public void addQueueItem(android.support.v4.media.MediaDescriptionCompat,int)
    public void removeQueueItem(android.support.v4.media.MediaDescriptionCompat)
    public java.lang.CharSequence getQueueTitle()
    public android.os.Bundle getExtras()
    public int getRatingType()
    public boolean isCaptioningEnabled()
    public int getRepeatMode()
    public int getShuffleMode()
    public long getFlags()
    public android.support.v4.media.session.MediaControllerCompat$PlaybackInfo getPlaybackInfo()
    public android.app.PendingIntent getSessionActivity()
androidx.media.MediaBrowserServiceCompat$MediaBrowserServiceImplApi23
com.google.android.gms.dynamite.DynamiteModule$3
androidx.recyclerview.widget.AsyncListDiffer$MainThreadExecutor
androidx.coordinatorlayout.R$id
androidx.slidingpanelayout.widget.SlidingPaneLayout$SimplePanelSlideListener
androidx.collection.CircularIntArray
com.google.android.gms.common.internal.zzc
android.support.wearable.complications.ComplicationTextUtils
com.google.android.gms.internal.zzabp
com.google.android.gms.dynamite.DynamiteModule
androidx.drawerlayout.widget.DrawerLayout$ChildAccessibilityDelegate